[1006/145420.131:ERROR:process_reader_win.cc(151)] SuspendThread: Access is denied. (0x5)
[1006/145420.131:ERROR:process_reader_win.cc(123)] NtOpenThread: {Access Denied} A process has requested access to an object, but has not been granted those access rights. (0xc0000022)
[1006/145420.147:ERROR:exception_snapshot_win.cc(99)] thread ID 20900 not found in process
[1006/145420.147:ERROR:process_reader_win.cc(123)] NtOpenThread: {Access Denied} A process has requested access to an object, but has not been granted those access rights. (0xc0000022)
[1006/145420.147:ERROR:exception_snapshot_win.cc(99)] thread ID 31732 not found in process
[1006/150431.454:ERROR:process_reader_win.cc(151)] SuspendThread: Access is denied. (0x5)
[1006/150431.454:ERROR:process_reader_win.cc(151)] SuspendThread: Access is denied. (0x5)
[1006/150431.476:ERROR:process_reader_win.cc(151)] SuspendThread: Access is denied. (0x5)
[1006/150431.476:ERROR:process_reader_win.cc(151)] SuspendThread: Access is denied. (0x5)
[1006/150431.476:ERROR:process_reader_win.cc(151)] SuspendThread: Access is denied. (0x5)
[1006/150431.476:ERROR:process_reader_win.cc(151)] SuspendThread: Access is denied. (0x5)
[1006/150431.476:ERROR:process_reader_win.cc(151)] SuspendThread: Access is denied. (0x5)
[1006/150431.476:ERROR:process_reader_win.cc(151)] SuspendThread: Access is denied. (0x5)
[1006/150431.476:ERROR:process_reader_win.cc(151)] SuspendThread: Access is denied. (0x5)
[1006/150431.476:ERROR:process_reader_win.cc(151)] SuspendThread: Access is denied. (0x5)
[1006/150431.476:ERROR:process_reader_win.cc(151)] SuspendThread: Access is denied. (0x5)
[1006/150431.476:ERROR:process_reader_win.cc(123)] NtOpenThread: {Access Denied} A process has requested access to an object, but has not been granted those access rights. (0xc0000022)
[1006/150431.476:ERROR:exception_snapshot_win.cc(99)] thread ID 20096 not found in process
[1006/150431.491:ERROR:process_reader_win.cc(123)] NtOpenThread: {Access Denied} A process has requested access to an object, but has not been granted those access rights. (0xc0000022)
[1006/150431.491:ERROR:exception_snapshot_win.cc(99)] thread ID 20708 not found in process
[1006/150431.507:ERROR:process_reader_win.cc(151)] SuspendThread: Access is denied. (0x5)
[1006/150431.507:ERROR:process_reader_win.cc(151)] SuspendThread: Access is denied. (0x5)
[1006/150431.507:ERROR:process_reader_win.cc(151)] SuspendThread: Access is denied. (0x5)
[1006/150431.507:ERROR:process_reader_win.cc(151)] SuspendThread: Access is denied. (0x5)
[1006/150431.507:ERROR:process_reader_win.cc(151)] SuspendThread: Access is denied. (0x5)
[1006/150431.507:ERROR:process_reader_win.cc(123)] NtOpenThread: {Access Denied} A process has requested access to an object, but has not been granted those access rights. (0xc0000022)
[1006/150431.507:ERROR:exception_snapshot_win.cc(99)] thread ID 30124 not found in process
[1006/150431.507:ERROR:process_reader_win.cc(151)] SuspendThread: Access is denied. (0x5)
[1006/150431.507:ERROR:process_reader_win.cc(151)] SuspendThread: Access is denied. (0x5)
[1006/150431.507:ERROR:process_reader_win.cc(151)] SuspendThread: Access is denied. (0x5)
[1006/150431.507:ERROR:process_reader_win.cc(123)] NtOpenThread: {Access Denied} A process has requested access to an object, but has not been granted those access rights. (0xc0000022)
[1006/150431.507:ERROR:exception_snapshot_win.cc(99)] thread ID 31096 not found in process
[1006/153358.431:ERROR:process_reader_win.cc(123)] NtOpenThread: {Access Denied} A process has requested access to an object, but has not been granted those access rights. (0xc0000022)
[1006/153358.449:ERROR:exception_snapshot_win.cc(99)] thread ID 17044 not found in process
[1006/153358.479:ERROR:process_reader_win.cc(123)] NtOpenThread: {Access Denied} A process has requested access to an object, but has not been granted those access rights. (0xc0000022)
[1006/153358.479:ERROR:exception_snapshot_win.cc(99)] thread ID 15456 not found in process
[1006/154420.931:ERROR:process_reader_win.cc(151)] SuspendThread: Access is denied. (0x5)
[1006/154420.932:ERROR:process_reader_win.cc(123)] NtOpenThread: {Access Denied} A process has requested access to an object, but has not been granted those access rights. (0xc0000022)
[1006/154420.932:ERROR:exception_snapshot_win.cc(99)] thread ID 28308 not found in process
[1006/154420.969:ERROR:process_reader_win.cc(123)] NtOpenThread: {Access Denied} A process has requested access to an object, but has not been granted those access rights. (0xc0000022)
[1006/154420.969:ERROR:exception_snapshot_win.cc(99)] thread ID 22880 not found in process
[1006/154519.503:ERROR:process_reader_win.cc(151)] SuspendThread: Access is denied. (0x5)
[1006/154519.505:ERROR:process_reader_win.cc(123)] NtOpenThread: {Access Denied} A process has requested access to an object, but has not been granted those access rights. (0xc0000022)
[1006/154519.505:ERROR:exception_snapshot_win.cc(99)] thread ID 27628 not found in process
[1006/154519.539:ERROR:process_reader_win.cc(123)] NtOpenThread: {Access Denied} A process has requested access to an object, but has not been granted those access rights. (0xc0000022)
[1006/154519.539:ERROR:exception_snapshot_win.cc(99)] thread ID 16908 not found in process
[1006/155939.525:ERROR:process_reader_win.cc(151)] SuspendThread: Access is denied. (0x5)
[1006/155939.525:ERROR:process_reader_win.cc(151)] SuspendThread: Access is denied. (0x5)
[1006/155939.525:ERROR:process_reader_win.cc(151)] SuspendThread: Access is denied. (0x5)
[1006/155939.526:ERROR:process_reader_win.cc(151)] SuspendThread: Access is denied. (0x5)
[1006/155939.526:ERROR:process_reader_win.cc(151)] SuspendThread: Access is denied. (0x5)
[1006/155939.526:ERROR:process_reader_win.cc(151)] SuspendThread: Access is denied. (0x5)
[1006/155939.526:ERROR:process_reader_win.cc(151)] SuspendThread: Access is denied. (0x5)
[1006/155939.526:ERROR:process_reader_win.cc(151)] SuspendThread: Access is denied. (0x5)
[1006/155939.526:ERROR:process_reader_win.cc(151)] SuspendThread: Access is denied. (0x5)
[1006/155939.526:ERROR:process_reader_win.cc(151)] SuspendThread: Access is denied. (0x5)
[1006/155939.526:ERROR:process_reader_win.cc(151)] SuspendThread: Access is denied. (0x5)
[1006/155939.526:ERROR:process_reader_win.cc(123)] NtOpenThread: {Access Denied} A process has requested access to an object, but has not been granted those access rights. (0xc0000022)
[1006/155939.526:ERROR:exception_snapshot_win.cc(99)] thread ID 16008 not found in process
[1006/155939.528:ERROR:process_reader_win.cc(151)] SuspendThread: Access is denied. (0x5)
[1006/155939.529:ERROR:process_reader_win.cc(151)] SuspendThread: Access is denied. (0x5)
[1006/155939.530:ERROR:process_reader_win.cc(151)] SuspendThread: Access is denied. (0x5)
[1006/155939.530:ERROR:process_reader_win.cc(151)] SuspendThread: Access is denied. (0x5)
[1006/155939.530:ERROR:process_reader_win.cc(151)] SuspendThread: Access is denied. (0x5)
[1006/155939.530:ERROR:process_reader_win.cc(151)] SuspendThread: Access is denied. (0x5)
[1006/155939.530:ERROR:process_reader_win.cc(151)] SuspendThread: Access is denied. (0x5)
[1006/155939.530:ERROR:process_reader_win.cc(151)] SuspendThread: Access is denied. (0x5)
[1006/155939.530:ERROR:process_reader_win.cc(151)] SuspendThread: Access is denied. (0x5)
[1006/155939.530:ERROR:process_reader_win.cc(151)] SuspendThread: Access is denied. (0x5)
[1006/155939.530:ERROR:process_reader_win.cc(123)] NtOpenThread: {Access Denied} A process has requested access to an object, but has not been granted those access rights. (0xc0000022)
[1006/155939.531:ERROR:exception_snapshot_win.cc(99)] thread ID 19444 not found in process
[1006/155939.548:ERROR:process_reader_win.cc(151)] SuspendThread: Access is denied. (0x5)
[1006/155939.549:ERROR:process_reader_win.cc(151)] SuspendThread: Access is denied. (0x5)
[1006/155939.549:ERROR:process_reader_win.cc(151)] SuspendThread: Access is denied. (0x5)
[1006/155939.549:ERROR:process_reader_win.cc(151)] SuspendThread: Access is denied. (0x5)
[1006/155939.549:ERROR:process_reader_win.cc(151)] SuspendThread: Access is denied. (0x5)
[1006/155939.549:ERROR:process_reader_win.cc(151)] SuspendThread: Access is denied. (0x5)
[1006/155939.549:ERROR:process_reader_win.cc(151)] SuspendThread: Access is denied. (0x5)
[1006/155939.549:ERROR:process_reader_win.cc(151)] SuspendThread: Access is denied. (0x5)
[1006/155939.549:ERROR:process_reader_win.cc(151)] SuspendThread: Access is denied. (0x5)
[1006/155939.550:ERROR:process_reader_win.cc(123)] NtOpenThread: {Access Denied} A process has requested access to an object, but has not been granted those access rights. (0xc0000022)
[1006/155939.551:ERROR:exception_snapshot_win.cc(99)] thread ID 15268 not found in process
[1006/155939.619:ERROR:process_reader_win.cc(151)] SuspendThread: Access is denied. (0x5)
[1006/155939.619:ERROR:process_reader_win.cc(123)] NtOpenThread: {Access Denied} A process has requested access to an object, but has not been granted those access rights. (0xc0000022)
[1006/155939.619:ERROR:exception_snapshot_win.cc(99)] thread ID 23940 not found in process
[1006/155939.681:ERROR:process_reader_win.cc(151)] SuspendThread: Access is denied. (0x5)
[1006/155939.681:ERROR:process_reader_win.cc(151)] SuspendThread: Access is denied. (0x5)
[1006/155939.681:ERROR:process_reader_win.cc(151)] SuspendThread: Access is denied. (0x5)
[1006/155939.681:ERROR:process_reader_win.cc(151)] SuspendThread: Access is denied. (0x5)
[1006/155939.682:ERROR:process_reader_win.cc(151)] SuspendThread: Access is denied. (0x5)
[1006/155939.682:ERROR:process_reader_win.cc(123)] NtOpenThread: {Access Denied} A process has requested access to an object, but has not been granted those access rights. (0xc0000022)
[1006/155939.682:ERROR:exception_snapshot_win.cc(99)] thread ID 22296 not found in process
[1006/155939.688:ERROR:process_reader_win.cc(151)] SuspendThread: Access is denied. (0x5)
[1006/155939.688:ERROR:process_reader_win.cc(151)] SuspendThread: Access is denied. (0x5)
[1006/155939.688:ERROR:process_reader_win.cc(151)] SuspendThread: Access is denied. (0x5)
[1006/155939.688:ERROR:process_reader_win.cc(151)] SuspendThread: Access is denied. (0x5)
[1006/155939.688:ERROR:process_reader_win.cc(123)] NtOpenThread: {Access Denied} A process has requested access to an object, but has not been granted those access rights. (0xc0000022)
[1006/155939.688:ERROR:exception_snapshot_win.cc(99)] thread ID 31236 not found in process
[1006/155939.692:ERROR:process_reader_win.cc(151)] SuspendThread: Access is denied. (0x5)
[1006/155939.693:ERROR:process_reader_win.cc(151)] SuspendThread: Access is denied. (0x5)
[1006/155939.693:ERROR:process_reader_win.cc(151)] SuspendThread: Access is denied. (0x5)
[1006/155939.693:ERROR:process_reader_win.cc(151)] SuspendThread: Access is denied. (0x5)
[1006/155939.694:ERROR:process_reader_win.cc(123)] NtOpenThread: {Access Denied} A process has requested access to an object, but has not been granted those access rights. (0xc0000022)
[1006/155939.694:ERROR:exception_snapshot_win.cc(99)] thread ID 27696 not found in process
[1006/160051.854:ERROR:process_reader_win.cc(123)] NtOpenThread: {Access Denied} A process has requested access to an object, but has not been granted those access rights. (0xc0000022)
[1006/160051.855:ERROR:exception_snapshot_win.cc(99)] thread ID 19784 not found in process
[1006/160051.891:ERROR:process_reader_win.cc(123)] NtOpenThread: {Access Denied} A process has requested access to an object, but has not been granted those access rights. (0xc0000022)
[1006/160051.891:ERROR:exception_snapshot_win.cc(99)] thread ID 30256 not found in process
[1006/161352.221:ERROR:process_reader_win.cc(123)] NtOpenThread: {Access Denied} A process has requested access to an object, but has not been granted those access rights. (0xc0000022)
[1006/161352.267:ERROR:exception_snapshot_win.cc(99)] thread ID 30184 not found in process
[1006/161352.223:ERROR:process_reader_win.cc(123)] NtOpenThread: {Access Denied} A process has requested access to an object, but has not been granted those access rights. (0xc0000022)
[1006/161352.282:ERROR:exception_snapshot_win.cc(99)] thread ID 27172 not found in process
[1006/161352.223:ERROR:process_reader_win.cc(123)] NtOpenThread: {Access Denied} A process has requested access to an object, but has not been granted those access rights. (0xc0000022)
[1006/161352.284:ERROR:exception_snapshot_win.cc(99)] thread ID 5752 not found in process
[1006/161352.223:ERROR:process_reader_win.cc(123)] NtOpenThread: {Access Denied} A process has requested access to an object, but has not been granted those access rights. (0xc0000022)
[1006/161352.285:ERROR:exception_snapshot_win.cc(99)] thread ID 22608 not found in process
[1006/161352.291:ERROR:process_reader_win.cc(123)] NtOpenThread: {Access Denied} A process has requested access to an object, but has not been granted those access rights. (0xc0000022)
[1006/161352.291:ERROR:exception_snapshot_win.cc(99)] thread ID 23372 not found in process
[1006/161352.297:ERROR:process_reader_win.cc(123)] NtOpenThread: {Access Denied} A process has requested access to an object, but has not been granted those access rights. (0xc0000022)
[1006/161352.297:ERROR:exception_snapshot_win.cc(99)] thread ID 30680 not found in process
[1006/161352.300:ERROR:process_reader_win.cc(123)] NtOpenThread: {Access Denied} A process has requested access to an object, but has not been granted those access rights. (0xc0000022)
[1006/161352.300:ERROR:exception_snapshot_win.cc(99)] thread ID 23712 not found in process
[1006/161352.301:ERROR:process_reader_win.cc(123)] NtOpenThread: {Access Denied} A process has requested access to an object, but has not been granted those access rights. (0xc0000022)
[1006/161352.301:ERROR:exception_snapshot_win.cc(99)] thread ID 18664 not found in process
[1006/164036.952:ERROR:process_reader_win.cc(151)] SuspendThread: Access is denied. (0x5)
[1006/164036.984:ERROR:process_reader_win.cc(151)] SuspendThread: Access is denied. (0x5)
[1006/164036.984:ERROR:process_reader_win.cc(151)] SuspendThread: Access is denied. (0x5)
[1006/164036.984:ERROR:process_reader_win.cc(151)] SuspendThread: Access is denied. (0x5)
[1006/164036.984:ERROR:process_reader_win.cc(151)] SuspendThread: Access is denied. (0x5)
[1006/164036.984:ERROR:process_reader_win.cc(151)] SuspendThread: Access is denied. (0x5)
[1006/164036.984:ERROR:process_reader_win.cc(151)] SuspendThread: Access is denied. (0x5)
[1006/164036.984:ERROR:process_reader_win.cc(151)] SuspendThread: Access is denied. (0x5)
[1006/164036.984:ERROR:process_reader_win.cc(151)] SuspendThread: Access is denied. (0x5)
[1006/164036.984:ERROR:process_reader_win.cc(151)] SuspendThread: Access is denied. (0x5)
[1006/164036.984:ERROR:process_reader_win.cc(151)] SuspendThread: Access is denied. (0x5)
[1006/164036.953:ERROR:process_reader_win.cc(151)] SuspendThread: Access is denied. (0x5)
[1006/164036.986:ERROR:process_reader_win.cc(151)] SuspendThread: Access is denied. (0x5)
[1006/164036.986:ERROR:process_reader_win.cc(151)] SuspendThread: Access is denied. (0x5)
[1006/164036.986:ERROR:process_reader_win.cc(151)] SuspendThread: Access is denied. (0x5)
[1006/164036.986:ERROR:process_reader_win.cc(151)] SuspendThread: Access is denied. (0x5)
[1006/164036.986:ERROR:process_reader_win.cc(151)] SuspendThread: Access is denied. (0x5)
[1006/164036.986:ERROR:process_reader_win.cc(151)] SuspendThread: Access is denied. (0x5)
[1006/164036.986:ERROR:process_reader_win.cc(151)] SuspendThread: Access is denied. (0x5)
[1006/164036.987:ERROR:process_reader_win.cc(151)] SuspendThread: Access is denied. (0x5)
[1006/164036.988:ERROR:process_reader_win.cc(151)] SuspendThread: Access is denied. (0x5)
[1006/164036.984:ERROR:process_reader_win.cc(123)] NtOpenThread: {Access Denied} A process has requested access to an object, but has not been granted those access rights. (0xc0000022)
[1006/164037.005:ERROR:exception_snapshot_win.cc(99)] thread ID 24808 not found in process
[1006/164036.986:ERROR:process_reader_win.cc(123)] NtOpenThread: {Access Denied} A process has requested access to an object, but has not been granted those access rights. (0xc0000022)
[1006/164037.006:ERROR:exception_snapshot_win.cc(99)] thread ID 31020 not found in process
[1006/164036.988:ERROR:process_reader_win.cc(123)] NtOpenThread: {Access Denied} A process has requested access to an object, but has not been granted those access rights. (0xc0000022)
[1006/164037.006:ERROR:exception_snapshot_win.cc(99)] thread ID 15828 not found in process
[1006/164037.006:ERROR:process_reader_win.cc(151)] SuspendThread: Access is denied. (0x5)
[1006/164037.006:ERROR:process_reader_win.cc(151)] SuspendThread: Access is denied. (0x5)
[1006/164037.006:ERROR:process_reader_win.cc(151)] SuspendThread: Access is denied. (0x5)
[1006/164037.006:ERROR:process_reader_win.cc(151)] SuspendThread: Access is denied. (0x5)
[1006/164037.006:ERROR:process_reader_win.cc(151)] SuspendThread: Access is denied. (0x5)
[1006/164037.006:ERROR:process_reader_win.cc(151)] SuspendThread: Access is denied. (0x5)
[1006/164037.006:ERROR:process_reader_win.cc(123)] NtOpenThread: {Access Denied} A process has requested access to an object, but has not been granted those access rights. (0xc0000022)
[1006/164037.006:ERROR:exception_snapshot_win.cc(99)] thread ID 8476 not found in process
[1006/164037.015:ERROR:process_reader_win.cc(151)] SuspendThread: Access is denied. (0x5)
[1006/164037.015:ERROR:process_reader_win.cc(151)] SuspendThread: Access is denied. (0x5)
[1006/164037.015:ERROR:process_reader_win.cc(151)] SuspendThread: Access is denied. (0x5)
[1006/164037.019:ERROR:process_reader_win.cc(151)] SuspendThread: Access is denied. (0x5)
[1006/164037.019:ERROR:process_reader_win.cc(123)] NtOpenThread: {Access Denied} A process has requested access to an object, but has not been granted those access rights. (0xc0000022)
[1006/164037.019:ERROR:exception_snapshot_win.cc(99)] thread ID 29064 not found in process
[1006/164037.020:ERROR:process_reader_win.cc(151)] SuspendThread: Access is denied. (0x5)
[1006/164037.020:ERROR:process_reader_win.cc(151)] SuspendThread: Access is denied. (0x5)
[1006/164037.020:ERROR:process_reader_win.cc(151)] SuspendThread: Access is denied. (0x5)
[1006/164037.020:ERROR:process_reader_win.cc(151)] SuspendThread: Access is denied. (0x5)
[1006/164037.020:ERROR:process_reader_win.cc(123)] NtOpenThread: {Access Denied} A process has requested access to an object, but has not been granted those access rights. (0xc0000022)
[1006/164037.020:ERROR:exception_snapshot_win.cc(99)] thread ID 14856 not found in process
[1006/164757.202:ERROR:process_reader_win.cc(151)] SuspendThread: Access is denied. (0x5)
[1006/164757.203:ERROR:process_reader_win.cc(123)] NtOpenThread: {Access Denied} A process has requested access to an object, but has not been granted those access rights. (0xc0000022)
[1006/164757.204:ERROR:exception_snapshot_win.cc(99)] thread ID 27124 not found in process
[1006/164757.277:ERROR:process_reader_win.cc(123)] NtOpenThread: {Access Denied} A process has requested access to an object, but has not been granted those access rights. (0xc0000022)
[1006/164757.277:ERROR:exception_snapshot_win.cc(99)] thread ID 9572 not found in process
[1006/165744.044:ERROR:process_reader_win.cc(151)] SuspendThread: Access is denied. (0x5)
[1006/165744.045:ERROR:process_reader_win.cc(151)] SuspendThread: Access is denied. (0x5)
[1006/165744.045:ERROR:process_reader_win.cc(123)] NtOpenThread: {Access Denied} A process has requested access to an object, but has not been granted those access rights. (0xc0000022)
[1006/165744.045:ERROR:exception_snapshot_win.cc(99)] thread ID 20280 not found in process
[1006/165744.044:ERROR:process_reader_win.cc(151)] SuspendThread: Access is denied. (0x5)
[1006/165744.070:ERROR:process_reader_win.cc(151)] SuspendThread: Access is denied. (0x5)
[1006/165744.070:ERROR:process_reader_win.cc(151)] SuspendThread: Access is denied. (0x5)
[1006/165744.070:ERROR:process_reader_win.cc(151)] SuspendThread: Access is denied. (0x5)
[1006/165744.070:ERROR:process_reader_win.cc(151)] SuspendThread: Access is denied. (0x5)
[1006/165744.070:ERROR:process_reader_win.cc(151)] SuspendThread: Access is denied. (0x5)
[1006/165744.070:ERROR:process_reader_win.cc(151)] SuspendThread: Access is denied. (0x5)
[1006/165744.070:ERROR:process_reader_win.cc(151)] SuspendThread: Access is denied. (0x5)
[1006/165744.071:ERROR:process_reader_win.cc(151)] SuspendThread: Access is denied. (0x5)
[1006/165744.071:ERROR:process_reader_win.cc(123)] NtOpenThread: {Access Denied} A process has requested access to an object, but has not been granted those access rights. (0xc0000022)
[1006/165744.071:ERROR:exception_snapshot_win.cc(99)] thread ID 29596 not found in process
[1006/165744.104:ERROR:process_reader_win.cc(151)] SuspendThread: Access is denied. (0x5)
[1006/165744.104:ERROR:process_reader_win.cc(151)] SuspendThread: Access is denied. (0x5)
[1006/165744.104:ERROR:process_reader_win.cc(151)] SuspendThread: Access is denied. (0x5)
[1006/165744.104:ERROR:process_reader_win.cc(151)] SuspendThread: Access is denied. (0x5)
[1006/165744.104:ERROR:process_reader_win.cc(151)] SuspendThread: Access is denied. (0x5)
[1006/165744.104:ERROR:process_reader_win.cc(151)] SuspendThread: Access is denied. (0x5)
[1006/165744.104:ERROR:process_reader_win.cc(123)] NtOpenThread: {Access Denied} A process has requested access to an object, but has not been granted those access rights. (0xc0000022)
[1006/165744.104:ERROR:exception_snapshot_win.cc(99)] thread ID 21360 not found in process
[1006/165744.108:ERROR:process_reader_win.cc(151)] SuspendThread: Access is denied. (0x5)
[1006/165744.108:ERROR:process_reader_win.cc(151)] SuspendThread: Access is denied. (0x5)
[1006/165744.108:ERROR:process_reader_win.cc(151)] SuspendThread: Access is denied. (0x5)
[1006/165744.108:ERROR:process_reader_win.cc(151)] SuspendThread: Access is denied. (0x5)
[1006/165744.108:ERROR:process_reader_win.cc(123)] NtOpenThread: {Access Denied} A process has requested access to an object, but has not been granted those access rights. (0xc0000022)
[1006/165744.108:ERROR:exception_snapshot_win.cc(99)] thread ID 30604 not found in process
[1006/170007.228:ERROR:process_reader_win.cc(123)] NtOpenThread: {Access Denied} A process has requested access to an object, but has not been granted those access rights. (0xc0000022)
[1006/170007.229:ERROR:exception_snapshot_win.cc(99)] thread ID 13944 not found in process
[1006/170007.269:ERROR:process_reader_win.cc(123)] NtOpenThread: {Access Denied} A process has requested access to an object, but has not been granted those access rights. (0xc0000022)
[1006/170007.269:ERROR:exception_snapshot_win.cc(99)] thread ID 15648 not found in process
[1006/194439.472:ERROR:process_reader_win.cc(123)] NtOpenThread: {Access Denied} A process has requested access to an object, but has not been granted those access rights. (0xc0000022)
[1006/194439.472:ERROR:process_reader_win.cc(151)] SuspendThread: Access is denied. (0x5)
[1006/194439.619:ERROR:exception_snapshot_win.cc(99)] thread ID 12548 not found in process
[1006/194439.619:ERROR:process_reader_win.cc(123)] NtOpenThread: {Access Denied} A process has requested access to an object, but has not been granted those access rights. (0xc0000022)
[1006/194439.635:ERROR:exception_snapshot_win.cc(99)] thread ID 19104 not found in process
[1006/231826.174:ERROR:process_reader_win.cc(151)] SuspendThread: Access is denied. (0x5)
[1006/231826.174:ERROR:process_reader_win.cc(123)] NtOpenThread: {Access Denied} A process has requested access to an object, but has not been granted those access rights. (0xc0000022)
[1006/231826.174:ERROR:exception_snapshot_win.cc(99)] thread ID 27484 not found in process
[1006/231826.222:ERROR:process_reader_win.cc(123)] NtOpenThread: {Access Denied} A process has requested access to an object, but has not been granted those access rights. (0xc0000022)
[1006/231826.222:ERROR:exception_snapshot_win.cc(99)] thread ID 13580 not found in process
[1006/232608.765:ERROR:process_reader_win.cc(123)] NtOpenThread: {Access Denied} A process has requested access to an object, but has not been granted those access rights. (0xc0000022)
[1006/232608.765:ERROR:exception_snapshot_win.cc(99)] thread ID 14348 not found in process
[1006/232608.796:ERROR:process_reader_win.cc(123)] NtOpenThread: {Access Denied} A process has requested access to an object, but has not been granted those access rights. (0xc0000022)
[1006/232608.796:ERROR:exception_snapshot_win.cc(99)] thread ID 29672 not found in process
[1007/110212.888:ERROR:process_reader_win.cc(151)] SuspendThread: Access is denied. (0x5)
[1007/110212.889:ERROR:process_reader_win.cc(151)] SuspendThread: Access is denied. (0x5)
[1007/110212.889:ERROR:process_reader_win.cc(123)] NtOpenThread: {Access Denied} A process has requested access to an object, but has not been granted those access rights. (0xc0000022)
[1007/110212.940:ERROR:exception_snapshot_win.cc(99)] thread ID 10052 not found in process
[1007/110212.935:ERROR:process_reader_win.cc(123)] NtOpenThread: {Access Denied} A process has requested access to an object, but has not been granted those access rights. (0xc0000022)
[1007/110212.946:ERROR:exception_snapshot_win.cc(99)] thread ID 14856 not found in process
[1007/110749.146:ERROR:process_reader_win.cc(151)] SuspendThread: Access is denied. (0x5)
[1007/110749.147:ERROR:process_reader_win.cc(151)] SuspendThread: Access is denied. (0x5)
[1007/110749.147:ERROR:process_reader_win.cc(151)] SuspendThread: Access is denied. (0x5)
[1007/110749.147:ERROR:process_reader_win.cc(151)] SuspendThread: Access is denied. (0x5)
[1007/110749.147:ERROR:process_reader_win.cc(151)] SuspendThread: Access is denied. (0x5)
[1007/110749.147:ERROR:process_reader_win.cc(151)] SuspendThread: Access is denied. (0x5)
[1007/110749.147:ERROR:process_reader_win.cc(151)] SuspendThread: Access is denied. (0x5)
[1007/110749.147:ERROR:process_reader_win.cc(151)] SuspendThread: Access is denied. (0x5)
[1007/110749.147:ERROR:process_reader_win.cc(151)] SuspendThread: Access is denied. (0x5)
[1007/110749.147:ERROR:process_reader_win.cc(151)] SuspendThread: Access is denied. (0x5)
[1007/110749.147:ERROR:process_reader_win.cc(123)] NtOpenThread: {Access Denied} A process has requested access to an object, but has not been granted those access rights. (0xc0000022)
[1007/110749.148:ERROR:exception_snapshot_win.cc(99)] thread ID 11672 not found in process
[1007/110749.147:ERROR:process_reader_win.cc(151)] SuspendThread: Access is denied. (0x5)
[1007/110749.148:ERROR:process_reader_win.cc(151)] SuspendThread: Access is denied. (0x5)
[1007/110749.148:ERROR:process_reader_win.cc(151)] SuspendThread: Access is denied. (0x5)
[1007/110749.148:ERROR:process_reader_win.cc(151)] SuspendThread: Access is denied. (0x5)
[1007/110749.148:ERROR:process_reader_win.cc(151)] SuspendThread: Access is denied. (0x5)
[1007/110749.148:ERROR:process_reader_win.cc(151)] SuspendThread: Access is denied. (0x5)
[1007/110749.148:ERROR:process_reader_win.cc(151)] SuspendThread: Access is denied. (0x5)
[1007/110749.148:ERROR:process_reader_win.cc(151)] SuspendThread: Access is denied. (0x5)
[1007/110749.148:ERROR:process_reader_win.cc(151)] SuspendThread: Access is denied. (0x5)
[1007/110749.148:ERROR:process_reader_win.cc(151)] SuspendThread: Access is denied. (0x5)
[1007/110749.148:ERROR:process_reader_win.cc(151)] SuspendThread: Access is denied. (0x5)
[1007/110749.148:ERROR:process_reader_win.cc(151)] SuspendThread: Access is denied. (0x5)
[1007/110749.148:ERROR:process_reader_win.cc(123)] NtOpenThread: {Access Denied} A process has requested access to an object, but has not been granted those access rights. (0xc0000022)
[1007/110749.148:ERROR:exception_snapshot_win.cc(99)] thread ID 24952 not found in process
[1007/110749.233:ERROR:process_reader_win.cc(151)] SuspendThread: Access is denied. (0x5)
[1007/110749.233:ERROR:process_reader_win.cc(151)] SuspendThread: Access is denied. (0x5)
[1007/110749.233:ERROR:process_reader_win.cc(151)] SuspendThread: Access is denied. (0x5)
[1007/110749.233:ERROR:process_reader_win.cc(151)] SuspendThread: Access is denied. (0x5)
[1007/110749.233:ERROR:process_reader_win.cc(151)] SuspendThread: Access is denied. (0x5)
[1007/110749.233:ERROR:process_reader_win.cc(123)] NtOpenThread: {Access Denied} A process has requested access to an object, but has not been granted those access rights. (0xc0000022)
[1007/110749.233:ERROR:exception_snapshot_win.cc(99)] thread ID 27728 not found in process
[1007/110749.238:ERROR:process_reader_win.cc(151)] SuspendThread: Access is denied. (0x5)
[1007/110749.238:ERROR:process_reader_win.cc(151)] SuspendThread: Access is denied. (0x5)
[1007/110749.238:ERROR:process_reader_win.cc(151)] SuspendThread: Access is denied. (0x5)
[1007/110749.238:ERROR:process_reader_win.cc(151)] SuspendThread: Access is denied. (0x5)
[1007/110749.238:ERROR:process_reader_win.cc(151)] SuspendThread: Access is denied. (0x5)
[1007/110749.238:ERROR:process_reader_win.cc(123)] NtOpenThread: {Access Denied} A process has requested access to an object, but has not been granted those access rights. (0xc0000022)
[1007/110749.238:ERROR:exception_snapshot_win.cc(99)] thread ID 32292 not found in process
[1007/114052.089:ERROR:process_reader_win.cc(151)] SuspendThread: Access is denied. (0x5)
[1007/114052.100:ERROR:process_reader_win.cc(151)] SuspendThread: Access is denied. (0x5)
[1007/114052.100:ERROR:process_reader_win.cc(151)] SuspendThread: Access is denied. (0x5)
[1007/114052.100:ERROR:process_reader_win.cc(151)] SuspendThread: Access is denied. (0x5)
[1007/114052.100:ERROR:process_reader_win.cc(151)] SuspendThread: Access is denied. (0x5)
[1007/114052.101:ERROR:process_reader_win.cc(151)] SuspendThread: Access is denied. (0x5)
[1007/114052.100:ERROR:process_reader_win.cc(123)] NtOpenThread: {Access Denied} A process has requested access to an object, but has not been granted those access rights. (0xc0000022)
[1007/114052.109:ERROR:exception_snapshot_win.cc(99)] thread ID 19620 not found in process
[1007/114052.101:ERROR:process_reader_win.cc(123)] NtOpenThread: {Access Denied} A process has requested access to an object, but has not been granted those access rights. (0xc0000022)
[1007/114052.110:ERROR:exception_snapshot_win.cc(99)] thread ID 32508 not found in process
[1007/114243.708:ERROR:process_reader_win.cc(151)] SuspendThread: Access is denied. (0x5)
[1007/114243.709:ERROR:process_reader_win.cc(151)] SuspendThread: Access is denied. (0x5)
[1007/114243.709:ERROR:process_reader_win.cc(123)] NtOpenThread: {Access Denied} A process has requested access to an object, but has not been granted those access rights. (0xc0000022)
[1007/114243.710:ERROR:exception_snapshot_win.cc(99)] thread ID 26900 not found in process
[1007/114243.789:ERROR:process_reader_win.cc(151)] SuspendThread: Access is denied. (0x5)
[1007/114243.789:ERROR:process_reader_win.cc(151)] SuspendThread: Access is denied. (0x5)
[1007/114243.789:ERROR:process_reader_win.cc(151)] SuspendThread: Access is denied. (0x5)
[1007/114243.789:ERROR:process_reader_win.cc(151)] SuspendThread: Access is denied. (0x5)
[1007/114243.789:ERROR:process_reader_win.cc(123)] NtOpenThread: {Access Denied} A process has requested access to an object, but has not been granted those access rights. (0xc0000022)
[1007/114243.789:ERROR:exception_snapshot_win.cc(99)] thread ID 17288 not found in process
[1007/114931.459:ERROR:process_reader_win.cc(123)] NtOpenThread: {Access Denied} A process has requested access to an object, but has not been granted those access rights. (0xc0000022)
[1007/114931.461:ERROR:exception_snapshot_win.cc(99)] thread ID 15544 not found in process
[1007/114931.493:ERROR:process_reader_win.cc(123)] NtOpenThread: {Access Denied} A process has requested access to an object, but has not been granted those access rights. (0xc0000022)
[1007/114931.493:ERROR:exception_snapshot_win.cc(99)] thread ID 29592 not found in process
[1007/133534.425:ERROR:process_reader_win.cc(151)] SuspendThread: Access is denied. (0x5)
[1007/133534.426:ERROR:process_reader_win.cc(151)] SuspendThread: Access is denied. (0x5)
[1007/133534.426:ERROR:process_reader_win.cc(123)] NtOpenThread: {Access Denied} A process has requested access to an object, but has not been granted those access rights. (0xc0000022)
[1007/133534.426:ERROR:exception_snapshot_win.cc(99)] thread ID 16584 not found in process
[1007/133534.432:ERROR:process_reader_win.cc(151)] SuspendThread: Access is denied. (0x5)
[1007/133534.432:ERROR:process_reader_win.cc(151)] SuspendThread: Access is denied. (0x5)
[1007/133534.433:ERROR:process_reader_win.cc(151)] SuspendThread: Access is denied. (0x5)
[1007/133534.433:ERROR:process_reader_win.cc(151)] SuspendThread: Access is denied. (0x5)
[1007/133534.433:ERROR:process_reader_win.cc(151)] SuspendThread: Access is denied. (0x5)
[1007/133534.433:ERROR:process_reader_win.cc(123)] NtOpenThread: {Access Denied} A process has requested access to an object, but has not been granted those access rights. (0xc0000022)
[1007/133534.433:ERROR:exception_snapshot_win.cc(99)] thread ID 20752 not found in process
[1007/133534.440:ERROR:process_reader_win.cc(151)] SuspendThread: Access is denied. (0x5)
[1007/133534.440:ERROR:process_reader_win.cc(151)] SuspendThread: Access is denied. (0x5)
[1007/133534.440:ERROR:process_reader_win.cc(123)] NtOpenThread: {Access Denied} A process has requested access to an object, but has not been granted those access rights. (0xc0000022)
[1007/133534.440:ERROR:exception_snapshot_win.cc(99)] thread ID 28460 not found in process
[1007/133534.442:ERROR:process_reader_win.cc(151)] SuspendThread: Access is denied. (0x5)
[1007/133534.442:ERROR:process_reader_win.cc(151)] SuspendThread: Access is denied. (0x5)
[1007/133534.442:ERROR:process_reader_win.cc(151)] SuspendThread: Access is denied. (0x5)
[1007/133534.442:ERROR:process_reader_win.cc(151)] SuspendThread: Access is denied. (0x5)
[1007/133534.442:ERROR:process_reader_win.cc(151)] SuspendThread: Access is denied. (0x5)
[1007/133534.442:ERROR:process_reader_win.cc(151)] SuspendThread: Access is denied. (0x5)
[1007/133534.443:ERROR:process_reader_win.cc(123)] NtOpenThread: {Access Denied} A process has requested access to an object, but has not been granted those access rights. (0xc0000022)
[1007/133534.443:ERROR:exception_snapshot_win.cc(99)] thread ID 13592 not found in process
[1007/133534.443:ERROR:process_reader_win.cc(123)] NtOpenThread: {Access Denied} A process has requested access to an object, but has not been granted those access rights. (0xc0000022)
[1007/133534.443:ERROR:exception_snapshot_win.cc(99)] thread ID 18100 not found in process
[1007/133534.447:ERROR:process_reader_win.cc(151)] SuspendThread: Access is denied. (0x5)
[1007/133534.447:ERROR:process_reader_win.cc(151)] SuspendThread: Access is denied. (0x5)
[1007/133534.447:ERROR:process_reader_win.cc(151)] SuspendThread: Access is denied. (0x5)
[1007/133534.447:ERROR:process_reader_win.cc(123)] NtOpenThread: {Access Denied} A process has requested access to an object, but has not been granted those access rights. (0xc0000022)
[1007/133534.447:ERROR:exception_snapshot_win.cc(99)] thread ID 30644 not found in process
[1007/173729.558:ERROR:process_reader_win.cc(123)] NtOpenThread: {Access Denied} A process has requested access to an object, but has not been granted those access rights. (0xc0000022)
[1007/173729.559:ERROR:exception_snapshot_win.cc(99)] thread ID 26568 not found in process
[1007/173729.575:ERROR:process_reader_win.cc(123)] NtOpenThread: {Access Denied} A process has requested access to an object, but has not been granted those access rights. (0xc0000022)
[1007/173729.575:ERROR:exception_snapshot_win.cc(99)] thread ID 8868 not found in process
[1008/114916.591:ERROR:process_reader_win.cc(123)] NtOpenThread: {Access Denied} A process has requested access to an object, but has not been granted those access rights. (0xc0000022)
[1008/114916.596:ERROR:process_reader_win.cc(123)] NtOpenThread: {Access Denied} A process has requested access to an object, but has not been granted those access rights. (0xc0000022)
[1008/114916.616:ERROR:exception_snapshot_win.cc(99)] thread ID 14332 not found in process
[1008/114916.616:ERROR:exception_snapshot_win.cc(99)] thread ID 14328 not found in process
[1008/121514.848:ERROR:process_reader_win.cc(151)] SuspendThread: Access is denied. (0x5)
[1008/121514.848:ERROR:process_reader_win.cc(151)] SuspendThread: Access is denied. (0x5)
[1008/121514.849:ERROR:process_reader_win.cc(151)] SuspendThread: Access is denied. (0x5)
[1008/121514.849:ERROR:process_reader_win.cc(151)] SuspendThread: Access is denied. (0x5)
[1008/121514.849:ERROR:process_reader_win.cc(151)] SuspendThread: Access is denied. (0x5)
[1008/121514.849:ERROR:process_reader_win.cc(151)] SuspendThread: Access is denied. (0x5)
[1008/121514.849:ERROR:process_reader_win.cc(151)] SuspendThread: Access is denied. (0x5)
[1008/121514.849:ERROR:process_reader_win.cc(151)] SuspendThread: Access is denied. (0x5)
[1008/121514.849:ERROR:process_reader_win.cc(151)] SuspendThread: Access is denied. (0x5)
[1008/121514.849:ERROR:process_reader_win.cc(151)] SuspendThread: Access is denied. (0x5)
[1008/121514.849:ERROR:process_reader_win.cc(123)] NtOpenThread: {Access Denied} A process has requested access to an object, but has not been granted those access rights. (0xc0000022)
[1008/121514.850:ERROR:exception_snapshot_win.cc(99)] thread ID 12080 not found in process
[1008/121514.902:ERROR:process_reader_win.cc(151)] SuspendThread: Access is denied. (0x5)
[1008/121514.902:ERROR:process_reader_win.cc(151)] SuspendThread: Access is denied. (0x5)
[1008/121514.902:ERROR:process_reader_win.cc(151)] SuspendThread: Access is denied. (0x5)
[1008/121514.902:ERROR:process_reader_win.cc(151)] SuspendThread: Access is denied. (0x5)
[1008/121514.902:ERROR:process_reader_win.cc(123)] NtOpenThread: {Access Denied} A process has requested access to an object, but has not been granted those access rights. (0xc0000022)
[1008/121514.902:ERROR:exception_snapshot_win.cc(99)] thread ID 13340 not found in process
[1008/122541.650:ERROR:directory_reader_win.cc(43)] FindFirstFile: The system cannot find the path specified. (0x3)
[1008/122849.127:ERROR:directory_reader_win.cc(43)] FindFirstFile: The system cannot find the path specified. (0x3)
[1008/125028.279:ERROR:directory_reader_win.cc(43)] FindFirstFile: The system cannot find the path specified. (0x3)
[1008/134038.164:ERROR:directory_reader_win.cc(43)] FindFirstFile: The system cannot find the path specified. (0x3)
[1008/134131.252:ERROR:directory_reader_win.cc(43)] FindFirstFile: The system cannot find the path specified. (0x3)
[1008/134249.158:ERROR:directory_reader_win.cc(43)] FindFirstFile: The system cannot find the path specified. (0x3)
[1008/134436.542:ERROR:directory_reader_win.cc(43)] FindFirstFile: The system cannot find the path specified. (0x3)
[1008/135231.833:ERROR:directory_reader_win.cc(43)] FindFirstFile: The system cannot find the path specified. (0x3)
[1008/135416.823:ERROR:directory_reader_win.cc(43)] FindFirstFile: The system cannot find the path specified. (0x3)
[1008/135544.914:ERROR:directory_reader_win.cc(43)] FindFirstFile: The system cannot find the path specified. (0x3)
[1008/140010.284:ERROR:directory_reader_win.cc(43)] FindFirstFile: The system cannot find the path specified. (0x3)
[1008/140722.564:ERROR:process_reader_win.cc(151)] SuspendThread: Access is denied. (0x5)
[1008/140722.564:ERROR:process_reader_win.cc(151)] SuspendThread: Access is denied. (0x5)
[1008/140722.564:ERROR:process_reader_win.cc(151)] SuspendThread: Access is denied. (0x5)
[1008/140722.564:ERROR:process_reader_win.cc(151)] SuspendThread: Access is denied. (0x5)
[1008/140722.564:ERROR:process_reader_win.cc(151)] SuspendThread: Access is denied. (0x5)
[1008/140722.564:ERROR:process_reader_win.cc(151)] SuspendThread: Access is denied. (0x5)
[1008/140722.564:ERROR:process_reader_win.cc(151)] SuspendThread: Access is denied. (0x5)
[1008/140722.564:ERROR:process_reader_win.cc(151)] SuspendThread: Access is denied. (0x5)
[1008/140722.564:ERROR:process_reader_win.cc(151)] SuspendThread: Access is denied. (0x5)
[1008/140722.564:ERROR:process_reader_win.cc(151)] SuspendThread: Access is denied. (0x5)
[1008/140722.564:ERROR:process_reader_win.cc(151)] SuspendThread: Access is denied. (0x5)
[1008/140722.565:ERROR:process_reader_win.cc(151)] SuspendThread: Access is denied. (0x5)
[1008/140722.565:ERROR:process_reader_win.cc(151)] SuspendThread: Access is denied. (0x5)
[1008/140722.565:ERROR:process_reader_win.cc(151)] SuspendThread: Access is denied. (0x5)
[1008/140722.565:ERROR:process_reader_win.cc(151)] SuspendThread: Access is denied. (0x5)
[1008/140722.565:ERROR:process_reader_win.cc(151)] SuspendThread: Access is denied. (0x5)
[1008/140722.565:ERROR:process_reader_win.cc(151)] SuspendThread: Access is denied. (0x5)
[1008/140722.565:ERROR:process_reader_win.cc(151)] SuspendThread: Access is denied. (0x5)
[1008/140722.565:ERROR:process_reader_win.cc(151)] SuspendThread: Access is denied. (0x5)
[1008/140722.565:ERROR:process_reader_win.cc(123)] NtOpenThread: {Access Denied} A process has requested access to an object, but has not been granted those access rights. (0xc0000022)
[1008/140722.565:ERROR:exception_snapshot_win.cc(99)] thread ID 15748 not found in process
[1008/140722.565:ERROR:process_reader_win.cc(151)] SuspendThread: Access is denied. (0x5)
[1008/140722.565:ERROR:process_reader_win.cc(151)] SuspendThread: Access is denied. (0x5)
[1008/140722.565:ERROR:process_reader_win.cc(151)] SuspendThread: Access is denied. (0x5)
[1008/140722.565:ERROR:process_reader_win.cc(123)] NtOpenThread: {Access Denied} A process has requested access to an object, but has not been granted those access rights. (0xc0000022)
[1008/140722.565:ERROR:exception_snapshot_win.cc(99)] thread ID 16284 not found in process
[1008/140722.565:ERROR:process_reader_win.cc(151)] SuspendThread: Access is denied. (0x5)
[1008/140722.565:ERROR:process_reader_win.cc(151)] SuspendThread: Access is denied. (0x5)
[1008/140722.565:ERROR:process_reader_win.cc(151)] SuspendThread: Access is denied. (0x5)
[1008/140722.565:ERROR:process_reader_win.cc(151)] SuspendThread: Access is denied. (0x5)
[1008/140722.566:ERROR:process_reader_win.cc(151)] SuspendThread: Access is denied. (0x5)
[1008/140722.566:ERROR:process_reader_win.cc(151)] SuspendThread: Access is denied. (0x5)
[1008/140722.566:ERROR:process_reader_win.cc(123)] NtOpenThread: {Access Denied} A process has requested access to an object, but has not been granted those access rights. (0xc0000022)
[1008/140722.566:ERROR:exception_snapshot_win.cc(99)] thread ID 2828 not found in process
[1008/140722.603:ERROR:process_reader_win.cc(151)] SuspendThread: Access is denied. (0x5)
[1008/140722.603:ERROR:process_reader_win.cc(123)] NtOpenThread: {Access Denied} A process has requested access to an object, but has not been granted those access rights. (0xc0000022)
[1008/140722.603:ERROR:exception_snapshot_win.cc(99)] thread ID 14136 not found in process
[1008/140722.608:ERROR:process_reader_win.cc(151)] SuspendThread: Access is denied. (0x5)
[1008/140722.608:ERROR:process_reader_win.cc(123)] NtOpenThread: {Access Denied} A process has requested access to an object, but has not been granted those access rights. (0xc0000022)
[1008/140722.609:ERROR:exception_snapshot_win.cc(99)] thread ID 15964 not found in process
[1008/140722.616:ERROR:process_reader_win.cc(151)] SuspendThread: Access is denied. (0x5)
[1008/140722.616:ERROR:process_reader_win.cc(123)] NtOpenThread: {Access Denied} A process has requested access to an object, but has not been granted those access rights. (0xc0000022)
[1008/140722.616:ERROR:exception_snapshot_win.cc(99)] thread ID 1228 not found in process
[1008/140722.730:ERROR:process_reader_win.cc(151)] SuspendThread: Access is denied. (0x5)
[1008/140722.730:ERROR:process_reader_win.cc(151)] SuspendThread: Access is denied. (0x5)
[1008/140722.731:ERROR:process_reader_win.cc(151)] SuspendThread: Access is denied. (0x5)
[1008/140722.731:ERROR:process_reader_win.cc(151)] SuspendThread: Access is denied. (0x5)
[1008/140722.731:ERROR:process_reader_win.cc(123)] NtOpenThread: {Access Denied} A process has requested access to an object, but has not been granted those access rights. (0xc0000022)
[1008/140722.731:ERROR:exception_snapshot_win.cc(99)] thread ID 8332 not found in process
[1008/140722.786:ERROR:process_reader_win.cc(151)] SuspendThread: Access is denied. (0x5)
[1008/140722.786:ERROR:process_reader_win.cc(151)] SuspendThread: Access is denied. (0x5)
[1008/140722.787:ERROR:process_reader_win.cc(151)] SuspendThread: Access is denied. (0x5)
[1008/140722.787:ERROR:process_reader_win.cc(123)] NtOpenThread: {Access Denied} A process has requested access to an object, but has not been granted those access rights. (0xc0000022)
[1008/140722.787:ERROR:exception_snapshot_win.cc(99)] thread ID 12264 not found in process
[1008/140722.797:ERROR:process_reader_win.cc(151)] SuspendThread: Access is denied. (0x5)
[1008/140722.797:ERROR:process_reader_win.cc(151)] SuspendThread: Access is denied. (0x5)
[1008/140722.797:ERROR:process_reader_win.cc(151)] SuspendThread: Access is denied. (0x5)
[1008/140722.797:ERROR:process_reader_win.cc(151)] SuspendThread: Access is denied. (0x5)
[1008/140722.797:ERROR:process_reader_win.cc(123)] NtOpenThread: {Access Denied} A process has requested access to an object, but has not been granted those access rights. (0xc0000022)
[1008/140722.797:ERROR:exception_snapshot_win.cc(99)] thread ID 19364 not found in process
[1008/140722.803:ERROR:process_reader_win.cc(151)] SuspendThread: Access is denied. (0x5)
[1008/140722.804:ERROR:process_reader_win.cc(151)] SuspendThread: Access is denied. (0x5)
[1008/140722.804:ERROR:process_reader_win.cc(151)] SuspendThread: Access is denied. (0x5)
[1008/140722.804:ERROR:process_reader_win.cc(151)] SuspendThread: Access is denied. (0x5)
[1008/140722.804:ERROR:process_reader_win.cc(123)] NtOpenThread: {Access Denied} A process has requested access to an object, but has not been granted those access rights. (0xc0000022)
[1008/140722.804:ERROR:exception_snapshot_win.cc(99)] thread ID 17576 not found in process
[1008/140722.810:ERROR:process_reader_win.cc(151)] SuspendThread: Access is denied. (0x5)
[1008/140722.810:ERROR:process_reader_win.cc(151)] SuspendThread: Access is denied. (0x5)
[1008/140722.810:ERROR:process_reader_win.cc(151)] SuspendThread: Access is denied. (0x5)
[1008/140722.810:ERROR:process_reader_win.cc(151)] SuspendThread: Access is denied. (0x5)
[1008/140722.810:ERROR:process_reader_win.cc(123)] NtOpenThread: {Access Denied} A process has requested access to an object, but has not been granted those access rights. (0xc0000022)
[1008/140722.810:ERROR:exception_snapshot_win.cc(99)] thread ID 8720 not found in process
[1008/140722.814:ERROR:process_reader_win.cc(151)] SuspendThread: Access is denied. (0x5)
[1008/140722.815:ERROR:process_reader_win.cc(151)] SuspendThread: Access is denied. (0x5)
[1008/140722.815:ERROR:process_reader_win.cc(151)] SuspendThread: Access is denied. (0x5)
[1008/140722.815:ERROR:process_reader_win.cc(151)] SuspendThread: Access is denied. (0x5)
[1008/140722.815:ERROR:process_reader_win.cc(123)] NtOpenThread: {Access Denied} A process has requested access to an object, but has not been granted those access rights. (0xc0000022)
[1008/140722.815:ERROR:exception_snapshot_win.cc(99)] thread ID 11288 not found in process
[1008/141730.502:ERROR:directory_reader_win.cc(43)] FindFirstFile: The system cannot find the path specified. (0x3)
[1008/143824.877:ERROR:process_reader_win.cc(151)] SuspendThread: Access is denied. (0x5)
[1008/143824.878:ERROR:process_reader_win.cc(123)] NtOpenThread: {Access Denied} A process has requested access to an object, but has not been granted those access rights. (0xc0000022)
[1008/143824.878:ERROR:exception_snapshot_win.cc(99)] thread ID 15020 not found in process
[1008/143824.880:ERROR:process_reader_win.cc(151)] SuspendThread: Access is denied. (0x5)
[1008/143824.881:ERROR:process_reader_win.cc(151)] SuspendThread: Access is denied. (0x5)
[1008/143824.881:ERROR:process_reader_win.cc(151)] SuspendThread: Access is denied. (0x5)
[1008/143824.881:ERROR:process_reader_win.cc(151)] SuspendThread: Access is denied. (0x5)
[1008/143824.881:ERROR:process_reader_win.cc(151)] SuspendThread: Access is denied. (0x5)
[1008/143824.881:ERROR:process_reader_win.cc(151)] SuspendThread: Access is denied. (0x5)
[1008/143824.881:ERROR:process_reader_win.cc(151)] SuspendThread: Access is denied. (0x5)
[1008/143824.881:ERROR:process_reader_win.cc(123)] NtOpenThread: {Access Denied} A process has requested access to an object, but has not been granted those access rights. (0xc0000022)
[1008/143824.901:ERROR:exception_snapshot_win.cc(99)] thread ID 16844 not found in process
[1008/143824.918:ERROR:process_reader_win.cc(151)] SuspendThread: Access is denied. (0x5)
[1008/143824.920:ERROR:process_reader_win.cc(151)] SuspendThread: Access is denied. (0x5)
[1008/143824.920:ERROR:process_reader_win.cc(151)] SuspendThread: Access is denied. (0x5)
[1008/143824.920:ERROR:process_reader_win.cc(151)] SuspendThread: Access is denied. (0x5)
[1008/143824.920:ERROR:process_reader_win.cc(123)] NtOpenThread: {Access Denied} A process has requested access to an object, but has not been granted those access rights. (0xc0000022)
[1008/143824.921:ERROR:exception_snapshot_win.cc(99)] thread ID 15400 not found in process
[1008/143824.933:ERROR:process_reader_win.cc(151)] SuspendThread: Access is denied. (0x5)
[1008/143824.933:ERROR:process_reader_win.cc(151)] SuspendThread: Access is denied. (0x5)
[1008/143824.933:ERROR:process_reader_win.cc(123)] NtOpenThread: {Access Denied} A process has requested access to an object, but has not been granted those access rights. (0xc0000022)
[1008/143824.933:ERROR:exception_snapshot_win.cc(99)] thread ID 14780 not found in process
[1008/143824.962:ERROR:process_reader_win.cc(151)] SuspendThread: Access is denied. (0x5)
[1008/143824.962:ERROR:process_reader_win.cc(151)] SuspendThread: Access is denied. (0x5)
[1008/143824.962:ERROR:process_reader_win.cc(151)] SuspendThread: Access is denied. (0x5)
[1008/143824.962:ERROR:process_reader_win.cc(151)] SuspendThread: Access is denied. (0x5)
[1008/143824.962:ERROR:process_reader_win.cc(151)] SuspendThread: Access is denied. (0x5)
[1008/143824.962:ERROR:process_reader_win.cc(123)] NtOpenThread: {Access Denied} A process has requested access to an object, but has not been granted those access rights. (0xc0000022)
[1008/143824.962:ERROR:exception_snapshot_win.cc(99)] thread ID 12852 not found in process
[1008/143824.987:ERROR:process_reader_win.cc(151)] SuspendThread: Access is denied. (0x5)
[1008/143824.987:ERROR:process_reader_win.cc(123)] NtOpenThread: {Access Denied} A process has requested access to an object, but has not been granted those access rights. (0xc0000022)
[1008/143824.987:ERROR:exception_snapshot_win.cc(99)] thread ID 11460 not found in process
[1008/143824.990:ERROR:process_reader_win.cc(151)] SuspendThread: Access is denied. (0x5)
[1008/143824.990:ERROR:process_reader_win.cc(151)] SuspendThread: Access is denied. (0x5)
[1008/143824.990:ERROR:process_reader_win.cc(151)] SuspendThread: Access is denied. (0x5)
[1008/143824.990:ERROR:process_reader_win.cc(123)] NtOpenThread: {Access Denied} A process has requested access to an object, but has not been granted those access rights. (0xc0000022)
[1008/143824.990:ERROR:exception_snapshot_win.cc(99)] thread ID 14088 not found in process
[1008/143825.006:ERROR:process_reader_win.cc(151)] SuspendThread: Access is denied. (0x5)
[1008/143825.006:ERROR:process_reader_win.cc(151)] SuspendThread: Access is denied. (0x5)
[1008/143825.006:ERROR:process_reader_win.cc(151)] SuspendThread: Access is denied. (0x5)
[1008/143825.006:ERROR:process_reader_win.cc(151)] SuspendThread: Access is denied. (0x5)
[1008/143825.006:ERROR:process_reader_win.cc(151)] SuspendThread: Access is denied. (0x5)
[1008/143825.006:ERROR:process_reader_win.cc(123)] NtOpenThread: {Access Denied} A process has requested access to an object, but has not been granted those access rights. (0xc0000022)
[1008/143825.006:ERROR:exception_snapshot_win.cc(99)] thread ID 18672 not found in process
